Detecting compiler hash for triplet x64-windows...
Compiler found: C:/Program Files/Microsoft Visual Studio/2022/Community/VC/Tools/MSVC/14.42.34433/bin/Hostx64/x64/cl.exe
The following packages will be built and installed:
    bzip2[core,tool]:x64-windows@1.0.8#6
    liblzma:x64-windows@5.8.1
  * vcpkg-cmake:x64-windows@2024-04-23
  * vcpkg-cmake-config:x64-windows@2024-05-23
    zlib:x64-windows@1.3.1
    zstd:x64-windows@1.5.7
Additional packages (*) will be modified to complete this operation.
Restored 2 package(s) from C:\Users\CSystem\AppData\Local\vcpkg\archives in 84.6 ms. Use --debug to see more details.
Installing 1/6 vcpkg-cmake:x64-windows@2024-04-23...
Elapsed time to handle vcpkg-cmake:x64-windows: 9.04 ms
vcpkg-cmake:x64-windows package ABI: bbf2ef8939417b48b42ede07dd70fc676477c93435b971c4d40f30df9086533b
Installing 2/6 bzip2[core,tool]:x64-windows@1.0.8#6...
Building bzip2[core,tool]:x64-windows@1.0.8#6...
Downloading bzip2-1.0.8.tar.gz, trying https://sourceware.org/pub/bzip2/bzip2-1.0.8.tar.gz
Successfully downloaded bzip2-1.0.8.tar.gz
-- Extracting source C:/vcpkg/downloads/bzip2-1.0.8.tar.gz
-- Applying patch fix-import-export-macros.patch
-- Using source at C:/vcpkg/buildtrees/bzip2/src/bzip2-1-336d4794a3.clean
-- Configuring x64-windows
-- Building x64-windows-dbg
-- Building x64-windows-rel
-- Fixing pkgconfig file: C:/vcpkg/packages/bzip2_x64-windows/lib/pkgconfig/bzip2.pc
-- Using cached msys2-mingw-w64-x86_64-pkgconf-1~2.4.3-1-any.pkg.tar.zst
-- Using cached msys2-msys2-runtime-3.6.2-2-x86_64.pkg.tar.zst
-- Using msys root at C:/vcpkg/downloads/tools/msys2/9272adbcaf19caef
-- Fixing pkgconfig file: C:/vcpkg/packages/bzip2_x64-windows/debug/lib/pkgconfig/bzip2.pc
-- Installing: C:/vcpkg/packages/bzip2_x64-windows/share/bzip2/copyright
-- Performing post-build validation
Starting submission of bzip2[core,tool]:x64-windows@1.0.8#6 to 1 binary cache(s) in the background
Elapsed time to handle bzip2:x64-windows: 28 s
bzip2:x64-windows package ABI: 682399439741e14dd95429f4aaaad9d05d067723988bb4a53656b27000d77def
Installing 3/6 vcpkg-cmake-config:x64-windows@2024-05-23...
Building vcpkg-cmake-config:x64-windows@2024-05-23...
-- Installing: C:/vcpkg/packages/vcpkg-cmake-config_x64-windows/share/vcpkg-cmake-config/vcpkg_cmake_config_fixup.cmake
-- Installing: C:/vcpkg/packages/vcpkg-cmake-config_x64-windows/share/vcpkg-cmake-config/vcpkg-port-config.cmake
-- Installing: C:/vcpkg/packages/vcpkg-cmake-config_x64-windows/share/vcpkg-cmake-config/copyright
-- Skipping post-build validation due to VCPKG_POLICY_EMPTY_PACKAGE
Starting submission of vcpkg-cmake-config:x64-windows@2024-05-23 to 1 binary cache(s) in the background
Elapsed time to handle vcpkg-cmake-config:x64-windows: 106 ms
vcpkg-cmake-config:x64-windows package ABI: af95a629a0dc90b830bca843a22f8dcbaf9a08c58d6f2b933f03ea5747ceef9d
Installing 4/6 liblzma:x64-windows@5.8.1...
Building liblzma:x64-windows@5.8.1...
Downloading https://github.com/tukaani-project/xz/archive/v5.8.1.tar.gz -> tukaani-project-xz-v5.8.1.tar.gz
Successfully downloaded tukaani-project-xz-v5.8.1.tar.gz
-- Extracting source C:/vcpkg/downloads/tukaani-project-xz-v5.8.1.tar.gz
-- Applying patch build-tools.patch
-- Using source at C:/vcpkg/buildtrees/liblzma/src/v5.8.1-7ed4ee158b.clean
-- Configuring x64-windows
-- Building x64-windows-dbg
-- Building x64-windows-rel
-- Fixing pkgconfig file: C:/vcpkg/packages/liblzma_x64-windows/lib/pkgconfig/liblzma.pc
-- Using cached msys2-mingw-w64-x86_64-pkgconf-1~2.4.3-1-any.pkg.tar.zst
-- Using cached msys2-msys2-runtime-3.6.2-2-x86_64.pkg.tar.zst
-- Using msys root at C:/vcpkg/downloads/tools/msys2/9272adbcaf19caef
-- Fixing pkgconfig file: C:/vcpkg/packages/liblzma_x64-windows/debug/lib/pkgconfig/liblzma.pc
-- Installing: C:/vcpkg/packages/liblzma_x64-windows/share/liblzma/copyright
-- Performing post-build validation
Starting submission of liblzma:x64-windows@5.8.1 to 1 binary cache(s) in the background
Elapsed time to handle liblzma:x64-windows: 21 s
liblzma:x64-windows package ABI: 904409e0c4819aae64d3fbaaa98f950668a29e67eb0b2d76398354fcbde32a61
Completed submission of bzip2[core,tool]:x64-windows@1.0.8#6 to 1 binary cache(s) in 152 ms
Completed submission of vcpkg-cmake-config:x64-windows@2024-05-23 to 1 binary cache(s) in 37.9 ms
Installing 5/6 zlib:x64-windows@1.3.1...
Elapsed time to handle zlib:x64-windows: 26.6 ms
zlib:x64-windows package ABI: 1e375a381090759b64fb68cc225dd45b4d4d4ec891c5ed0b0beaca3f4ccccc74
Installing 6/6 zstd:x64-windows@1.5.7...
Building zstd:x64-windows@1.5.7...
Downloading https://github.com/facebook/zstd/archive/v1.5.7.tar.gz -> facebook-zstd-v1.5.7.tar.gz
Successfully downloaded facebook-zstd-v1.5.7.tar.gz
-- Extracting source C:/vcpkg/downloads/facebook-zstd-v1.5.7.tar.gz
-- Applying patch no-static-suffix.patch
-- Applying patch fix-emscripten-and-clang-cl.patch
-- Applying patch fix-windows-rc-compile.patch
-- Using source at C:/vcpkg/buildtrees/zstd/src/v1.5.7-bb6cae2b2e.clean
-- Configuring x64-windows
-- Building x64-windows-dbg
-- Building x64-windows-rel
-- Fixing pkgconfig file: C:/vcpkg/packages/zstd_x64-windows/lib/pkgconfig/libzstd.pc
-- Using cached msys2-mingw-w64-x86_64-pkgconf-1~2.4.3-1-any.pkg.tar.zst
-- Using cached msys2-msys2-runtime-3.6.2-2-x86_64.pkg.tar.zst
-- Using msys root at C:/vcpkg/downloads/tools/msys2/9272adbcaf19caef
-- Fixing pkgconfig file: C:/vcpkg/packages/zstd_x64-windows/debug/lib/pkgconfig/libzstd.pc
-- Installing: C:/vcpkg/packages/zstd_x64-windows/share/zstd/usage
-- Performing post-build validation
Starting submission of zstd:x64-windows@1.5.7 to 1 binary cache(s) in the background
Elapsed time to handle zstd:x64-windows: 15 s
zstd:x64-windows package ABI: 653f5b8ff542169a2e2b21740a601490169950d67b4100f559b9dc6320141eb8
Installed contents are licensed to you by owners. Microsoft is not responsible for, nor does it grant any licenses to, third-party packages.
Some packages did not declare an SPDX license. Check the `copyright` file for each package for more information about their licensing.
Packages installed in this vcpkg installation declare the following licenses:
(BSD-3-Clause OR GPL-2.0-only)
MIT
Zlib
bzip2-1.0.6
The package bzip2 is compatible with built-in CMake targets:

    find_package(BZip2 REQUIRED)
    target_link_libraries(main PRIVATE BZip2::BZip2)

liblzma is compatible with built-in CMake targets:

    find_package(LibLZMA REQUIRED)
    target_link_libraries(main PRIVATE LibLZMA::LibLZMA)

liblzma provides CMake targets:

    find_package(liblzma CONFIG REQUIRED)
    target_link_libraries(main PRIVATE liblzma::liblzma)

The package zlib is compatible with built-in CMake targets:

    find_package(ZLIB REQUIRED)
    target_link_libraries(main PRIVATE ZLIB::ZLIB)

zstd provides CMake targets:

  find_package(zstd CONFIG REQUIRED)
  target_link_libraries(main PRIVATE zstd::libzstd)

Completed submission of liblzma:x64-windows@5.8.1 to 1 binary cache(s) in 247 ms
Waiting for 1 remaining binary cache submissions...
Completed submission of zstd:x64-windows@1.5.7 to 1 binary cache(s) in 400 ms (1/1)
All requested installations completed successfully in: 1.1 min
